# S4.4 Handover Log вҖ” UX дёҖиҮҙжҖ§ж”¶ж•ӣ
# Date: 2026-05-27
# Task: Sprint 4.4 вҖ” React Query migration, i18n lazy-load, icon consolidation, error code i18n, BindAccount fix
# Status: COMPLETED

## Changes Summary

### 1. BindAccount Fix (critical runtime bug)
- **File**: `frontend/src/pages/accounts/BindAccount.tsx`
- **Bug**: line 75 called `message.info(...)` but `message` was not imported (only `showSuccess/showError/showWarning` were)
- **Fix**: Added `showInfo` to the import and replaced `message.info()` вҶ’ `showInfo()`
- **Impact**: Would have crashed at runtime when broker search returned no results

### 2. Icon Library Consolidation (3вҶ’1)
- **Removed**: `@tabler/icons-react` (^3.36.1), `lucide-react` (^1.14.0)
- **Retained**: `@ant-design/icons` (^6.1.0) вҖ” the only icon library
- **Files modified**: 22 files

#### lucide-react вҶ’ @ant-design/icons (1 file)
| File | Icons Replaced |
|------|---------------|
| SystemAI.tsx | BotвҶ’RobotOutlined, RefreshCwвҶ’ReloadOutlined, CheckвҶ’CheckOutlined, AlertCircleвҶ’ExclamationCircleOutlined, ExternalLinkвҶ’ExportOutlined, SparklesвҶ’StarOutlined, ZapвҶ’ThunderboltOutlined, ShieldCheckвҶ’SafetyCertificateOutlined, Link2вҶ’LinkOutlined, CpuвҶ’ControlOutlined, EraserвҶ’ClearOutlined |

#### @tabler/icons-react вҶ’ @ant-design/icons (21 files)
| File | Icons Replaced |
|------|---------------|
| BindAccount.tsx | IconArrowLeftвҶ’ArrowLeftOutlined, IconServerвҶ’CloudServerOutlined, IconCheckвҶ’CheckOutlined, IconAlertCircleвҶ’ExclamationCircleOutlined |
| SystemConfig.tsx | IconEditвҶ’EditOutlined |
| JurisdictionGate.tsx | IconShieldвҶ’SafetyOutlined |
| TradingMonitor.tsx | IconTrendingUpвҶ’RiseOutlined, IconTrendingDownвҶ’FallOutlined |
| Dashboard.tsx (admin) | Multiple admin dashboard icons consolidated |
| Dashboard.tsx | Multiple dashboard icons consolidated |
| OperationLogs.tsx | IconDownloadвҶ’DownloadOutlined |
| UserManagement.tsx | IconPlusвҶ’PlusOutlined, IconTrashвҶ’DeleteOutlined, IconUserOffвҶ’UserDeleteOutlined, IconUserCheckвҶ’AuditOutlined, IconKeyвҶ’KeyOutlined |
| AccountAnalyticsSection.tsx | Multiple analytics icons consolidated |
| EditAccountModal.tsx | IconCheckвҶ’CheckOutlined |
| DisabledAccountsSection.tsx | IconPlayerPlayвҶ’CaretRightOutlined, IconTrashвҶ’DeleteOutlined |
| AccountTradeTabs.tsx | Multiple trade tab icons consolidated |
| AccountCard.tsx | Multiple account card icons consolidated |
| AddAccountCard.tsx | IconPlusвҶ’PlusOutlined |
| AccountDetail.tsx | Multiple account detail icons consolidated |
| MainLayout.tsx | Multiple layout icons consolidated |
| AdminLayout.tsx | Multiple admin layout icons consolidated |
| StrategyCard.tsx | Multiple strategy card icons consolidated |
| SignalCard.tsx | Multiple signal card icons consolidated |
| ChatBox.tsx | IconLoader2вҶ’LoadingOutlined, IconRobotвҶ’RobotOutlined, IconUserвҶ’UserOutlined |
| Summary.tsx | Multiple analytics summary icons consolidated |

### 3. Chart Library Consolidation (2вҶ’1)
- **Removed**: `lightweight-charts` (^5.1.0) вҖ” 0 imports found, dead dependency
- **Retained**: `recharts` (^3.7.0) вҖ” used by 5 analytics/trading components

### 4. Already Implemented (verified, no changes needed)
- **React Query**: `@tanstack/react-query` (^5.100.14) fully integrated
  - `QueryProvider.tsx` wraps app
  - `useRpcQuery.ts` / `useRpcMutation.ts` for typed ConnectRPC data fetching
  - `queryClient.setQueryDefaults` with 30s staleTime + 2 retries
- **i18n lazy-load**: Dynamic `import()` with `resourceCache` in `i18n/index.ts`
  - 5 supported languages: zh-cn, zh-tw, en, ja, vi
  - Bundle loaded on first use, cached permanently
  - Fallback to browser navigator.languages detection
- **Error code i18n**: 5 locale files already exist
  - `src/i18n/resources/{en,ja,vi,zh-cn,zh-tw}/errors.ts`
  - Backend `AppError` with `Unwrap()` for `errors.Is/As` (P1-5)
  - Frontend `getErrorMessage()` utility with i18n key mapping

### 5. Package.json Diff
```diff
-    "@tabler/icons-react": "^3.36.1",
-    "lucide-react": "^1.14.0",
-    "lightweight-charts": "^5.1.0",
```
3 packages removed, 0 added. Bundle size reduced.

## Verification
- TypeScript check: `npx tsc --noEmit` вҶ’ 0 errors
- 0 remaining lucide-react/@tabler icons import references
- Build: frontend Docker container healthy (ant-frontend)

## Completeness
  Sprint 4 (Engineering Discipline) вҖ” ALL COMPLETE:
  S4.1 ROADMAP mechanical rollback вң“
  S4.2 иЎҘ verify logs вң“
  S4.3 CI ејәеҢ– вң“
  S4.4 UX дёҖиҮҙжҖ§ж”¶ж•ӣ вң“
