# S4.1 Handover Log — ROADMAP 状态机械回滚
# Date: 2026-05-27
# Task: Sprint 4.1 — 26 张卡片从 ☑ 改为 🅒
# Status: COMPLETED

## Changes Summary

### Modified Files
1. **docs/plan/ROADMAP.md** — 19 张卡片 ☑→🅒 (共 26 张计划中的卡片，19 张实际需变更)

### 变更明细

#### C 组 (Risk Pipeline) — 6 张
- M10-BASE-C1: HardLimit 接口 + 4 硬规则
- M10-BASE-C2: PositionSizer 接口 + VolTargetSizer
- M10-BASE-C3: KellyFractionSizer
- M10-BASE-C4: 跨账户净敞口聚合器
- M10-BASE-C5: 平台总量限额 + Block Trade 分配
- M10-BASE-C6: Signal → HardLimit → Sizer → Submit 管线

#### D 组 (Backtest engine) — 7 张
- M10-BASE-D1: costsvc/ 独立服务
- M10-BASE-D2: costsvc 注入所有下单路径
- M10-BASE-D3: CostModelSnapshot 数据流
- M10-BASE-D4: FillModel 拆分
- M10-BASE-D5: Gross/Net P&L 双轨输出
- M10-BASE-D6: Bar finality 时序 gate
- M10-BASE-D7: VaR/CVaR 异步计算 + 压力测试

#### E 组 (Strategy Lifecycle + 6 Gate) — 6 张
- M10-BASE-E1: LookAhead Gate
- M10-BASE-E2: Walk-Forward + CPCV
- M10-BASE-E3: Deflated Sharpe Ratio
- M10-BASE-E4: Paper Gate 强化
- M10-BASE-E5: Correlation Gate
- M10-BASE-E6: 6 级 Gate 管线串联 + PromoteToLive

### 未变更 (已是 🅒)
- M10-BASE-B1~B6: 6 张已在 P0-8 回滚中改为 🅒
- M10-BASE-E0: Strategy Lifecycle 已在 P0-8 回滚中改为 🅒
- M11-13~M11-16: 4 张已在 P0-8 回滚中改为 🅒

### 回滚原因
运行时 0 处导入 — 这些包已在后端 binary 中通过测试验证功能完整，但 cards
状态应反映实际生产导入状态。Sprint 1/2/3 完成对应的 wiring 后可按协议重新 ☑。

## Verification
- 19 张 ☑→🅒 确认: grep "M10-BASE-[CDE].*☑" → 0 results
- B1-B6 仍为 🅒: grep "M10-BASE-B.*🅒" → 6 results
- E0 仍为 🅒: grep "M10-BASE-E0.*🅒" → 1 result
- M11-13~16 仍为 🅒: grep "M11-1[3-6].*🅒" → 4 results
