# S4.2 Handover Log — 补 ☑ 卡 Verify Logs
# Date: 2026-05-27
# Task: Sprint 4.2 — 机械批跑各卡片验收命令，补充 handover verify logs
# Status: COMPLETED

## Changes Summary

### New Verify Logs Created (14 files)

#### Phase A (Runtime Foundation) — 3 张
1. **verify-M10-BASE-A1.log** — `make verify-cards-strict MILESTONE=M10` → PASS=13 FAIL=14
   - 13 张 M10.5 卡片全部通过严格验收
   - 14 张 M10.1-M10.4 卡片因 log 过短/无 commit 被标记（需后续修复）
2. **verify-M10-BASE-A2.log** — M10.1-1~M10.4-4 逐卡扫尾验证
   - go test -race -cover ./internal/mdgateway/... → 7 packages PASS, 63.1% core coverage
   - 12 子卡全部确认 ☑
3. **verify-M10-BASE-A4.log** — go test -race -cover ./internal/usermgr/...
   - 16+7 tests PASS, 89.2% coverage（与 spec/31 声明一致）
4. **verify-M10-BASE-A5.log** — go test -race -cover ./internal/clock/...
   - 12 tests PASS, 67.4% coverage, determinism verified
   - TestSimulatedClock_Determinism: 2 runs → identical results (PASS)

#### Phase C (Risk Pipeline) — 1 张
5. **verify-M10-BASE-C1-C6.log** — go test -race -cover ./internal/risksvc/...
   - 73.0% coverage, all tests PASS

#### Phase E (AI Gate Pipeline) — 1 张
6. **verify-M10-BASE-E1-E6.log** — go test -race -cover ./internal/ai/...
   - 87.6% coverage, all tests PASS

#### Phase F (Data Quality Upgrade) — 7 张
7. **verify-M10-BASE-F1.log** — go test -race -run TestMarketState ./internal/mdgateway/... -v
   - 5 tests PASS: Update, StaleQuote, GetAndAll, GetAll, RefreshAges, UpdateStale
8. **verify-M10-BASE-F2.log** — go test -race -run TestSessionClock ./internal/mdgateway/... -v
   - 7 tests PASS: IsWeekend, IsHoliday, SessionPhase, InSwapWindow, BrokerOffset, BarBoundary, ClockSkewMs
9. **verify-M10-BASE-F3.log** — go test -race -run TestQuality_NTP ./internal/mdgateway/... -v
   - TestQuality_NTPSkewDrop PASS
10. **verify-M10-BASE-F4.log** — go test -race -run TestStuffing ./internal/mdgateway/... -v
    - 10 tests PASS: NormalTickRate, IsPaused, ObserveTracksRate, AnomalyMetrics 等
11. **verify-M10-BASE-F5.log** — go test -race -run TestQuality_Spread ./internal/mdgateway/... -v
    - 2 tests PASS: SpreadComputation, SpreadZscore (zero-variance safe)
12. **verify-M10-BASE-F6.log** — go test -race -run TestMarketState ./internal/factor/...
    - factor package: no tests matching TestMarketState filter, but build PASS
13. **verify-M10-BASE-F7.log** — go test -race ./internal/controlplane/... -v
    - controlplane package: [no test files] — 代码已重建(S3.3)，测试待补

#### M10.4 补充 — 1 张
14. **verify-M10.4-1.log** — CH Buffer table 验证
    - md_ticks_buffer: Buffer engine ✓
    - md_bars_buffer: Buffer engine ✓
    - QueueSize=50000 / MaxBatchSize=10000 / FlushInterval=500ms ✓

### Pre-existing Verify Logs (not modified)
- M7.0-1 through M7.1-C (15 logs)
- M10.1-1 through M10.5-14 (27 logs)
- P0-1 through P3 (30 logs)
- R0-1 through R0-5 (5 logs)

## Acceptance Verification

### verify-cards-strict MILESTONE=M10 results
- PASS=13 (M10.5-3 through M10.5-14 + M10.2-4)
- FAIL=14 (M10.1-M10.4 cards with short/missing logs — need follow-up)
- Note: 14 FAIL cards flagged for log quality issues, not code bugs

### Key Metrics
$ go test -race -cover ./internal/mdgateway/...
ok  anttrader/internal/mdgateway                    6.448s  coverage: 63.1%
ok  anttrader/internal/mdgateway/adapter/brokersearch 1.071s  coverage: 44.2%
ok  anttrader/internal/mdgateway/adapter/mt4          1.096s  coverage: 79.3%
ok  anttrader/internal/mdgateway/adapter/mt5          1.093s  coverage: 73.2%
ok  anttrader/internal/mdgateway/backfiller           1.051s  coverage: 88.3%
ok  anttrader/internal/mdgateway/chmigrate            1.053s  coverage: 70.6%

## Follow-up Needed
- M10.1-1/2, M10.2-1/3: verify-cards-strict rejects non-go-test acceptance commands (SQL queries, grep)
- M10.1-3, M10.2-2, M10.3-1/3, M10.4-3: logs < 30 lines (need expansion or re-run with richer output)
- M10.3-2/4: logs exist but no commit reference in verify-cards-strict DB
- M10.4-2/4: require -tags=loadtest / -tags=integration with E2E env vars
- M10-BASE-A1: verify-cards-strict output documents current state (13 PASS / 14 FAIL)
- M10-BASE-A3: ci-nightly target not yet defined in Makefile

## Verification
- go build ./cmd/server/ → PASS
- All 14 new verify logs ≥ 20 lines (except A1 which captures verify-cards-strict output)
- No panic/nil/TODO/stub introduced
