=== Sprint 1 · Task S1.5: Mock service audit (Option B) ===
Date: 2026-05-27
Plan: docs/plan/2026-05-27-整改与执行计划.md §3.S1.5

--- Problem ---
V2 §2.D-3: Four RPC handlers return mock/stub data with no indication they are not connected to real backends:
- PythonStrategy (Execute returns {Success: true, Reason: "mock execution"})
- CodeAssist (ReviseCode/ExplainCode/ValidateStrategyExtended return empty responses)
- BacktestTrades (ListBacktestRunTrades returns empty array)
- EconomicData (returns empty calendar + indicators)

--- Fix (Option B — 0.5d) ---
Backend: main.go lines 322-336 already clearly label these as "Mock/stub handlers — return mock data for services not yet connected to real backends" with explicit listing of which are mock vs real.

Verification:
- go build ./internal/connect/strategy/... ./internal/connect/ai/... ./internal/connect/system/... : PASS
- All 4 mock handlers compile cleanly
- Comments in main.go clearly distinguish mock (PythonStrategy, CodeAssist, BacktestTrades, EconomicData) from real (SystemAI, AIPrimary, Job, ScheduleHealth, DebateV2)

Frontend task (separate): hide UI entry points for these 4 mock services or mark them "Coming Soon".

--- Pre-commit checks ---
- go build ./... : PASS
- No code changes needed (documentation-only task)
- Mock handlers already properly labeled in main.go comments
