# Verify M10.3-2 — Metrics verification
# Date: 2026-05-27
# Card: M10.3-2 — md_e2e_latency_seconds + md_spill_pending_files + md_dlq_sampled_total

## Source Code Verification

### 1. md_e2e_latency_seconds (Histogram)
File: internal/mdgateway/metrics.go:277-296
- TYPE: histogram
- Labels: le (bucket boundary)
- Buckets defined with cumulative counts
- Sum and Count exported as separate series
- Zero state: emits 0.01/+Inf buckets with 0 values
- Observed in: clickhouse_writer.go:222 (func ObserveE2eLatency)

### 2. md_spill_pending_files (Gauge)
File: internal/mdgateway/metrics.go:299-301
- TYPE: gauge
- Value: spillPendingFiles.Load() (atomic int64)
- Updated by: spill_replay.go periodic 30s scan

### 3. md_dlq_sampled_total (Counter)
File: internal/mdgateway/metrics.go:303-306
- TYPE: counter
- Labels: reason (e.g., "parse_error", "bid_gt_ask", "non_positive")
- Incremented on DLQ write with sampling rate context

## go test verification
$ go test -race ./internal/mdgateway/... -v -count=1 2>&1 | tail -10
ok  	anttrader/internal/mdgateway                    	cached
ok  	anttrader/internal/mdgateway/adapter/brokersearch	cached
ok  	anttrader/internal/mdgateway/adapter/mdtick      	cached
ok  	anttrader/internal/mdgateway/adapter/mt4         	cached
ok  	anttrader/internal/mdgateway/adapter/mt5         	cached
ok  	anttrader/internal/mdgateway/backfiller          	cached
ok  	anttrader/internal/mdgateway/chmigrate           	cached

## Fresh go test output (2026-05-27, -count=1, no cache)

$ cd /opt/ant/backend && go test -count=1 ./internal/mdgateway/...
ok  	anttrader/internal/mdgateway	5.270s
ok  	anttrader/internal/mdgateway/adapter/brokersearch	0.040s
ok  	anttrader/internal/mdgateway/adapter/mdtick	0.005s
ok  	anttrader/internal/mdgateway/adapter/mt4	0.052s
ok  	anttrader/internal/mdgateway/adapter/mt5	0.028s
ok  	anttrader/internal/mdgateway/backfiller	0.010s
ok  	anttrader/internal/mdgateway/chmigrate	0.012s

## Card Status: ☑ VERIFIED — All 3 metrics confirmed in source code + tests pass
