Card: M10.2-2 — spill_replay.go dual write: publisher first, then chWriter (ADR-0009 §2.1)
Date: 2026-05-27
Acceptance: spill_replay.go 改双写：先 publisher.PublishTick/Bar 再 chWriter.Enqueue；自动设 IsReplay=true
Files: backend/internal/mdgateway/spill_replay.go + 测试

=== Go Test Output ===

=== RUN   TestSpillReplayDualWrite
=== PAUSE TestSpillReplayDualWrite
=== CONT  TestSpillReplayDualWrite
    spill_replay_test.go:54: SpillReplayDualWrite: replay succeeded, file moved to /tmp/TestSpillReplayDualWrite521134312/001/processed/spill-1779871045667.jsonl
--- PASS: TestSpillReplayDualWrite (0.00s)
PASS
ok  	anttrader/internal/mdgateway	0.017s
testing: warning: no tests to run
PASS
ok  	anttrader/internal/mdgateway/adapter/brokersearch	0.018s [no tests to run]
testing: warning: no tests to run
PASS
ok  	anttrader/internal/mdgateway/adapter/mdtick	0.008s [no tests to run]
testing: warning: no tests to run
PASS
ok  	anttrader/internal/mdgateway/adapter/mt4	0.015s [no tests to run]
testing: warning: no tests to run
PASS
ok  	anttrader/internal/mdgateway/adapter/mt5	0.018s [no tests to run]
testing: warning: no tests to run
PASS
ok  	anttrader/internal/mdgateway/backfiller	0.009s [no tests to run]
testing: warning: no tests to run
PASS
ok  	anttrader/internal/mdgateway/chmigrate	0.010s [no tests to run]

=== Verification Notes ===
- spill_replay.go writes to publisher FIRST (for NATS fanout), then to chWriter (for CH persistence)
- IsReplay automatically set to true on all replayed ticks/bars
- Processed files moved to /processed/ subdirectory after successful replay
- Card Status: ☑ VERIFIED
