================================================================
  verify-M10.5-10  (2026-05-24T10:37:23Z)
================================================================
Card:        M10.5-10
Repo:        /opt/ant
Branch:      main
HEAD:        8dabb9d95b1eaa78c3d0c64fb597e7c5383131b4
HEAD (full): 8dabb9d95b1eaa78c3d0c64fb597e7c5383131b4 M10.5 v3 audit: rollback 10 fake/stub cards + Cascade v3 final review
HEAD parent: 411593f18041add76b72fcf801d6f52f8e815c79
Author:      myfxlogs <myfxlogs@users.noreply.github.com>
AuthorDate:  2026-05-24 10:24:39 +0000
Tree hash:   a8e7e4bb0b31ed47864b3102f4bad0dbad117c9f
Host:        ant
Uname:       Linux 6.8.0-117-generic x86_64
Go version:  go version go1.22.2 linux/amd64
PWD:         /opt/ant
Cmd:         cd backend && go test -race -count=1 -run 'TestDLQAsync|TestCHBufferEnvSwitch' ./internal/mdgateway/ -v
----------------------------------------------------------------

=== RUN   TestDLQAsync
    dlq_writer_test.go:69: DLQAsync: 1000 async writes completed without blocking
--- PASS: TestDLQAsync (0.00s)
=== RUN   TestCHBufferEnvSwitch
=== RUN   TestCHBufferEnvSwitch/default_uses_buffer
=== RUN   TestCHBufferEnvSwitch/false_bypasses_buffer
=== RUN   TestCHBufferEnvSwitch/any_other_value_uses_buffer
--- PASS: TestCHBufferEnvSwitch (0.00s)
    --- PASS: TestCHBufferEnvSwitch/default_uses_buffer (0.00s)
    --- PASS: TestCHBufferEnvSwitch/false_bypasses_buffer (0.00s)
    --- PASS: TestCHBufferEnvSwitch/any_other_value_uses_buffer (0.00s)
PASS
ok  	anttrader/internal/mdgateway	1.055s

----------------------------------------------------------------
Exit code:   0
Log file:    docs/handover/verify-M10.5-10.log
Finished:    2026-05-24T10:37:26Z
