================================================================
  verify-M10.5-6  (2026-05-24T10:40:22Z)
================================================================
Card:        M10.5-6
Repo:        /opt/ant
Branch:      main
HEAD:        8dabb9d95b1eaa78c3d0c64fb597e7c5383131b4
HEAD (full): 8dabb9d95b1eaa78c3d0c64fb597e7c5383131b4 M10.5 v3 audit: rollback 10 fake/stub cards + Cascade v3 final review
HEAD parent: 411593f18041add76b72fcf801d6f52f8e815c79
Author:      myfxlogs <myfxlogs@users.noreply.github.com>
AuthorDate:  2026-05-24 10:24:39 +0000
Tree hash:   a8e7e4bb0b31ed47864b3102f4bad0dbad117c9f
Host:        ant
Uname:       Linux 6.8.0-117-generic x86_64
Go version:  go version go1.22.2 linux/amd64
PWD:         /opt/ant
Cmd:         cd backend && go test -count=1 -run 'TestSloReport' ./cmd/slo-report/ -v
----------------------------------------------------------------

=== RUN   TestSloReportMarkdown
    cli_test.go:53: slo-report: all 4 SLO-MD ids present in markdown output
--- PASS: TestSloReportMarkdown (1.08s)
=== RUN   TestSloReportPromUnreachable
    cli_test.go:70: slo-report degrades gracefully when Prometheus unreachable
--- PASS: TestSloReportPromUnreachable (1.04s)
PASS
ok  	anttrader/cmd/slo-report	2.130s

----------------------------------------------------------------
Exit code:   0
Log file:    docs/handover/verify-M10.5-6.log
Finished:    2026-05-24T10:40:25Z
