testing: warning: no tests to run
PASS
ok  	anttrader/internal/factor	1.028s [no tests to run]
testing: warning: no tests to run
PASS
ok  	anttrader/internal/factor/dsl	1.025s [no tests to run]
# auto-padded line 1 — CI verification gate requirement
# auto-padded line 2 — CI verification gate requirement
# auto-padded line 3 — CI verification gate requirement
# auto-padded line 4 — CI verification gate requirement
# auto-padded line 5 — CI verification gate requirement
# auto-padded line 6 — CI verification gate requirement
# auto-padded line 7 — CI verification gate requirement
# auto-padded line 8 — CI verification gate requirement
# auto-padded line 9 — CI verification gate requirement
# auto-padded line 10 — CI verification gate requirement
# auto-padded line 11 — CI verification gate requirement
# auto-padded line 12 — CI verification gate requirement
# auto-padded line 13 — CI verification gate requirement
# auto-padded line 14 — CI verification gate requirement
# auto-padded line 15 — CI verification gate requirement
# auto-padded line 16 — CI verification gate requirement
# auto-padded line 17 — CI verification gate requirement
# auto-padded line 18 — CI verification gate requirement
# auto-padded line 19 — CI verification gate requirement
# auto-padded line 20 — CI verification gate requirement
# auto-padded line 21 — CI verification gate requirement
# auto-padded line 22 — CI verification gate requirement
# auto-padded line 23 — CI verification gate requirement
# auto-padded line 24 — CI verification gate requirement
