================================================================
  verify-M10.5-13  (2026-05-24T10:41:37Z)
================================================================
Card:        M10.5-13
Repo:        /opt/ant
Branch:      main
HEAD:        8dabb9d95b1eaa78c3d0c64fb597e7c5383131b4
HEAD (full): 8dabb9d95b1eaa78c3d0c64fb597e7c5383131b4 M10.5 v3 audit: rollback 10 fake/stub cards + Cascade v3 final review
HEAD parent: 411593f18041add76b72fcf801d6f52f8e815c79
Author:      myfxlogs <myfxlogs@users.noreply.github.com>
AuthorDate:  2026-05-24 10:24:39 +0000
Tree hash:   a8e7e4bb0b31ed47864b3102f4bad0dbad117c9f
Host:        ant
Uname:       Linux 6.8.0-117-generic x86_64
Go version:  go version go1.22.2 linux/amd64
PWD:         /opt/ant
Cmd:         cd backend && go test -count=1 -run TestSpec13 ./internal/mdgateway/chmigrate/ -v
----------------------------------------------------------------

=== RUN   TestSpec13Keywords
    spec_test.go:73: OK   FINAL query — matched at lines [413 415 419 422 428]
    spec_test.go:73: OK   EXCHANGE TABLES precondition — matched at lines [21 50 204 232 201]
    spec_test.go:73: OK   long-term capacity / TTL — matched at lines [511]
    spec_test.go:73: OK   S3 cold storage — matched at lines [516]
    spec_test.go:78: spec/13 contains all 4 M10.5-13 keyword families (file: 554 lines, 19190 bytes)
--- PASS: TestSpec13Keywords (0.00s)
=== RUN   TestSpec13MinimumSize
    spec_test.go:94: spec/13 size = 19190 bytes
--- PASS: TestSpec13MinimumSize (0.00s)
PASS
ok  	anttrader/internal/mdgateway/chmigrate	0.013s

----------------------------------------------------------------
Exit code:   0
Log file:    docs/handover/verify-M10.5-13.log
Finished:    2026-05-24T10:41:38Z
