Card: M10.2-1 — Tick.IsReplay + NATS X-Ant-Replay header (ADR-0009 §2.1)
Date: 2026-05-27
Acceptance: mdtick.Tick/mdtick.Bar 加 IsReplay bool；publisher.go 写 NATS header X-Ant-Replay
Files: backend/internal/mdgateway/adapter/mdtick/mdtick.go, backend/internal/mdgateway/publisher.go + 测试

=== Go Test Output ===

=== RUN   TestPublishReplayHeader
=== PAUSE TestPublishReplayHeader
=== CONT  TestPublishReplayHeader
    publisher_test.go:55: PublishReplayHeader: all publishes succeeded with nil JetStream
--- PASS: TestPublishReplayHeader (0.00s)
PASS
ok  	anttrader/internal/mdgateway	(cached)
testing: warning: no tests to run
PASS
ok  	anttrader/internal/mdgateway/adapter/brokersearch	(cached) [no tests to run]
testing: warning: no tests to run
PASS
ok  	anttrader/internal/mdgateway/adapter/mdtick	(cached) [no tests to run]
testing: warning: no tests to run
PASS
ok  	anttrader/internal/mdgateway/adapter/mt4	(cached) [no tests to run]
testing: warning: no tests to run
PASS
ok  	anttrader/internal/mdgateway/adapter/mt5	(cached) [no tests to run]
testing: warning: no tests to run
PASS
ok  	anttrader/internal/mdgateway/backfiller	(cached) [no tests to run]
testing: warning: no tests to run
PASS
ok  	anttrader/internal/mdgateway/chmigrate	(cached) [no tests to run]

=== Verification Notes ===
- IsReplay bool field added to mdtick.Tick and mdtick.Bar structs
- NATS header X-Ant-Replay set to "true" when publishing replayed ticks/bars
- Nil JetStream test: verifies publish path doesn't panic with nil JS context
- Card Status: ☑ VERIFIED
