================================================================
  verify-M10.5-12  (2026-05-24T12:38:22Z)
================================================================
Card:        M10.5-12
Repo:        /opt/ant
Branch:      main
HEAD:        6dbc34834e6b1ce47f6b6bddab9f04bf1325be83
HEAD (full): 6dbc34834e6b1ce47f6b6bddab9f04bf1325be83 Card: M10.5-7..10 — real integration/unit test verify logs (33-40 lines each)
HEAD parent: 28b31189a6c26b1a3a3f003476cef88a8504486d
Author:      myfxlogs <myfxlogs@users.noreply.github.com>
AuthorDate:  2026-05-24 12:37:36 +0000
Tree hash:   9040a144271e68343cfcaef2ee4cc284784342e7
Host:        ant
Uname:       Linux 6.8.0-117-generic x86_64
Go version:  go version go1.22.2 linux/amd64
PWD:         /opt/ant
Cmd:         cd backend && CH_USER=default CH_PASSWORD=clickhouse CH_DATABASE=ant go test -tags=loadtest -count=1 -run Test100AccountsNoSpill ./tests/loadtest/... -v -timeout 10m 2>&1 && echo '---VERIFY:PASS---'
----------------------------------------------------------------

=== RUN   Test100AccountsNoSpill
    load_100_accounts_test.go:39: Load test duration: 5m0s
    load_100_accounts_test.go:62: CH connected: localhost:9000
    load_100_accounts_test.go:91: Broker tag prefix: LOAD_588121
    load_100_accounts_test.go:138: 100 mock brokers started (staggered), generating 250 tick/s each (total ~25000 tick/s)
    load_100_accounts_test.go:144: Generation complete in 5m1s
    load_100_accounts_test.go:168: Spill check: 0 files (PASS)
    load_100_accounts_test.go:174: E2E latency: P99=0.250s  observations=7479981
    load_100_accounts_test.go:180: E2E latency: P99=0.250s < 0.5s (PASS)
    load_100_accounts_test.go:188: Load test PASS: 100 brokers × 250 tick/s × 5m1s, spill=0, P99=0.250s
--- PASS: Test100AccountsNoSpill (301.36s)
PASS
ok  	anttrader/tests/loadtest	301.384s
---VERIFY:PASS---

----------------------------------------------------------------
Exit code:   0
Log file:    docs/handover/verify-M10.5-12.log
Finished:    2026-05-24T12:43:25Z
