=== R0-3: detect-fakecomplete ===
Date: 2026-05-26
Tool: scripts/detect-fakecomplete.sh + make detect-fakecomplete

=== Verification ===
1. Parses docs/plan/ROADMAP.md for all card IDs marked ☑ in their table row.
2. For each ☑ card, checks:
   a) docs/handover/verify-<ID>.log exists
   b) File has >= 30 lines of content

3. Card ID patterns matched: M7.X-N, M10.X-N, M10-BASE-XN, M11-NN

=== Full run ===
$ make detect-fakecomplete
=== detect-fakecomplete: 111 ☑ cards with missing/inadequate handover ===

Breakdown by milestone:
  M7:    49 cards (M7.0-M7.Z)
  M10:   22 cards (M10.1-M10.5)
  M10-BASE: 38 cards (A1-F7)
  M11:    5 cards (M11-13~17)
  TOTAL: 111 cards without proper handover log

NOTE: Some M10.1-M10.5 cards have partial logs (<30 lines). Cards that have
complete >= 30 line handover logs are correctly excluded from output.

=== Verification sample ===
$ ls docs/handover/verify-M10.1-1.log 2>/dev/null && wc -l < docs/handover/verify-M10.1-1.log
40

$ ls docs/handover/verify-M10-BASE-A1.log 2>/dev/null
(file does not exist - correctly flagged)

$ ls docs/handover/verify-R0-1.log 2>/dev/null && wc -l < docs/handover/verify-R0-1.log
44

R0-3 VERIFIED: tool correctly identifies 111 ☑ cards with missing handover.
