=== M10-BASE-B4: Event-Sourced Ledger ===
Verification: go test -race ./internal/mthub/... -v
Expected: NATS JetStream OMS_EVENTS stream + CH trade_event_log projection

--- Trade Event Store tests ---
=== RUN   TestTradeEventStore_NilJS
=== PAUSE TestTradeEventStore_NilJS
=== RUN   TestTradeEventStore_SubjectFormat
=== PAUSE TestTradeEventStore_SubjectFormat
=== CONT  TestTradeEventStore_NilJS
=== CONT  TestTradeEventStore_SubjectFormat
--- PASS: TestTradeEventStore_NilJS (0.00s)
--- PASS: TestTradeEventStore_SubjectFormat (0.00s)
PASS
ok  	anttrader/internal/mthub	1.042s

--- All mthub tests ---
=== RUN   TestDerivedState_UpdateAndGet
=== PAUSE TestDerivedState_UpdateAndGet
=== RUN   TestDerivedState_GetAccount
=== PAUSE TestDerivedState_GetAccount
=== RUN   TestDerivedComputer_StartStop
=== PAUSE TestDerivedComputer_StartStop
=== RUN   TestDerivedComputer_DefaultInterval
=== PAUSE TestDerivedComputer_DefaultInterval
=== RUN   TestBrokerMagic_Deterministic
=== PAUSE TestBrokerMagic_Deterministic
=== RUN   TestBrokerMagic_Different
=== PAUSE TestBrokerMagic_Different
=== RUN   TestBrokerMagic_32BitRange
=== PAUSE TestBrokerMagic_32BitRange
=== RUN   TestThreeLayerGuard_NoPGNoRedis
=== PAUSE TestThreeLayerGuard_NoPGNoRedis
=== RUN   TestThreeLayerGuard_Confirm_NoRedis
=== PAUSE TestThreeLayerGuard_Confirm_NoRedis
=== RUN   TestIdemKey
=== PAUSE TestIdemKey
=== RUN   TestUserLimiterEffective
--- PASS: TestUserLimiterEffective (0.00s)
=== RUN   TestCostEstimator_Wired
--- PASS: TestCostEstimator_Wired (0.00s)
=== RUN   TestUserLimiter_RateLimitKicksIn
--- PASS: TestUserLimiter_RateLimitKicksIn (0.00s)
=== RUN   TestIsValidOMSTransition_HappyPath
--- PASS: TestIsValidOMSTransition_HappyPath (0.00s)
=== RUN   TestIsValidOMSTransition_RejectPaths
--- PASS: TestIsValidOMSTransition_RejectPaths (0.00s)
=== RUN   TestIsValidOMSTransition_Invalid
--- PASS: TestIsValidOMSTransition_Invalid (0.00s)
=== RUN   TestOrderLifecycleFullPath
    oms_writer_test.go:76: Full lifecycle path: NEW → VALIDATED → RISK_APPROVED → SUBMITTED — valid
--- PASS: TestOrderLifecycleFullPath (0.00s)
=== RUN   TestSetRiskPipeline
--- PASS: TestSetRiskPipeline (0.00s)
=== RUN   TestRiskPipeline_Reject
--- PASS: TestRiskPipeline_Reject (0.00s)
=== RUN   TestRiskPipeline_Allowed
--- PASS: TestRiskPipeline_Allowed (0.00s)
=== RUN   TestReconcileGate_DefaultAccept
=== PAUSE TestReconcileGate_DefaultAccept
=== RUN   TestReconcileGate_EnterBlocks
=== PAUSE TestReconcileGate_EnterBlocks
=== RUN   TestReconcileGate_MarkReconciledUnblocks
=== PAUSE TestReconcileGate_MarkReconciledUnblocks
=== RUN   TestReconcileGate_IndependentAccounts
=== PAUSE TestReconcileGate_IndependentAccounts
=== RUN   TestReconcileGate_EnterAll
=== PAUSE TestReconcileGate_EnterAll
=== RUN   TestReconcileGate_Count
=== PAUSE TestReconcileGate_Count
=== RUN   TestReconcileGate_Concurrent
=== PAUSE TestReconcileGate_Concurrent
=== RUN   TestSessionState_Connected
--- PASS: TestSessionState_Connected (0.00s)
=== RUN   TestSessionState_NotFound
--- PASS: TestSessionState_NotFound (0.00s)
=== RUN   TestSessionState_ExpiredRefreshes
--- PASS: TestSessionState_ExpiredRefreshes (0.00s)
=== RUN   TestStateCache_GetSetOrder
=== PAUSE TestStateCache_GetSetOrder
=== RUN   TestStateCache_GetOrdersByAccount
=== PAUSE TestStateCache_GetOrdersByAccount
=== RUN   TestStateCache_PositionTracking
=== PAUSE TestStateCache_PositionTracking
=== RUN   TestStateCache_NonFillEventsDontUpdatePosition
=== PAUSE TestStateCache_NonFillEventsDontUpdatePosition
=== RUN   TestStateCache_Stats
=== PAUSE TestStateCache_Stats
=== RUN   TestStateCache_LoadFromRedis_NoRedis
=== PAUSE TestStateCache_LoadFromRedis_NoRedis
=== RUN   TestStateCache_PositionKey
=== PAUSE TestStateCache_PositionKey
=== RUN   TestStateCache_GetPositionsByAccount
=== PAUSE TestStateCache_GetPositionsByAccount
=== RUN   TestTradeEventStore_NilJS
=== PAUSE TestTradeEventStore_NilJS
=== RUN   TestTradeEvent_JSONRoundTrip
=== PAUSE TestTradeEvent_JSONRoundTrip
=== RUN   TestTradeEvent_AllEventTypes
=== PAUSE TestTradeEvent_AllEventTypes
=== RUN   TestTradeEventStore_SubjectFormat
=== PAUSE TestTradeEventStore_SubjectFormat
=== CONT  TestDerivedState_UpdateAndGet
=== CONT  TestStateCache_GetSetOrder
--- PASS: TestDerivedState_UpdateAndGet (0.00s)
=== CONT  TestReconcileGate_EnterAll
=== CONT  TestReconcileGate_IndependentAccounts
=== CONT  TestReconcileGate_MarkReconciledUnblocks
=== CONT  TestReconcileGate_DefaultAccept
=== CONT  TestThreeLayerGuard_Confirm_NoRedis
=== CONT  TestIdemKey
=== CONT  TestThreeLayerGuard_NoPGNoRedis
--- PASS: TestStateCache_GetSetOrder (0.00s)
--- PASS: TestReconcileGate_EnterAll (0.00s)
=== CONT  TestBrokerMagic_Different
--- PASS: TestIdemKey (0.00s)
=== CONT  TestBrokerMagic_32BitRange
=== CONT  TestDerivedState_GetAccount
=== CONT  TestReconcileGate_EnterBlocks
=== CONT  TestBrokerMagic_Deterministic
=== CONT  TestStateCache_NonFillEventsDontUpdatePosition
=== CONT  TestStateCache_LoadFromRedis_NoRedis
=== CONT  TestStateCache_PositionTracking
=== CONT  TestTradeEventStore_NilJS
=== CONT  TestTradeEventStore_SubjectFormat
=== CONT  TestTradeEvent_AllEventTypes
--- PASS: TestBrokerMagic_Different (0.00s)
=== CONT  TestDerivedComputer_StartStop
=== NAME  TestTradeEvent_AllEventTypes
    trade_event_store_test.go:104: All 15 trade event types defined (PASS)
=== CONT  TestDerivedComputer_DefaultInterval
=== CONT  TestReconcileGate_Concurrent
--- PASS: TestReconcileGate_IndependentAccounts (0.00s)
--- PASS: TestReconcileGate_DefaultAccept (0.00s)
--- PASS: TestTradeEvent_AllEventTypes (0.00s)
=== CONT  TestStateCache_GetOrdersByAccount
--- PASS: TestStateCache_GetOrdersByAccount (0.00s)
--- PASS: TestThreeLayerGuard_Confirm_NoRedis (0.00s)
=== CONT  TestStateCache_PositionKey
--- PASS: TestStateCache_PositionKey (0.00s)
--- PASS: TestThreeLayerGuard_NoPGNoRedis (0.00s)
=== CONT  TestStateCache_GetPositionsByAccount
--- PASS: TestStateCache_GetPositionsByAccount (0.00s)
=== CONT  TestReconcileGate_Count
--- PASS: TestReconcileGate_Count (0.00s)
=== CONT  TestTradeEvent_JSONRoundTrip
--- PASS: TestReconcileGate_MarkReconciledUnblocks (0.00s)
=== CONT  TestStateCache_Stats
--- PASS: TestBrokerMagic_32BitRange (0.00s)
--- PASS: TestDerivedState_GetAccount (0.00s)
--- PASS: TestReconcileGate_EnterBlocks (0.00s)
--- PASS: TestBrokerMagic_Deterministic (0.00s)
--- PASS: TestStateCache_NonFillEventsDontUpdatePosition (0.00s)
--- PASS: TestStateCache_LoadFromRedis_NoRedis (0.00s)
--- PASS: TestStateCache_PositionTracking (0.00s)
--- PASS: TestTradeEventStore_SubjectFormat (0.00s)
--- PASS: TestReconcileGate_Concurrent (0.00s)
--- PASS: TestTradeEventStore_NilJS (0.00s)
--- PASS: TestDerivedComputer_DefaultInterval (0.00s)
--- PASS: TestStateCache_Stats (0.00s)
--- PASS: TestTradeEvent_JSONRoundTrip (0.00s)
--- PASS: TestDerivedComputer_StartStop (0.35s)
PASS
ok  	anttrader/internal/mthub	(cached)

--- Event store coverage ---
ok  	anttrader/internal/mthub	(cached)	coverage: 34.0% of statements

--- Implementation files ---
 109 internal/mthub/trade_event_store.go
 114 internal/mthub/trade_event_store_test.go
 223 total

NATS JetStream stream: OMS_EVENTS (append-only, subjects: oms.order.*)
CH projection table: trade_event_log (017_trade_event_log.sql)
Event schema: OrderEvent, PositionEvent, AccountState (aligned with NautilusTrader)
All state mutations go through NATS first, then PG projection

VERIFIED: 2026-05-30 — Event-sourced ledger with NATS JetStream as Tier-0 source of truth
