=== RUN   TestBarFinality
    bar_aggregator_test.go:60: BarFinality: exact-match dedup works correctly for both replay and historical gap bars
--- PASS: TestBarFinality (0.00s)
=== RUN   TestDLQParseError
    dlq_writer_test.go:31: DLQParseError: 3 parse_error writes attempted (nil conn — no crash)
--- PASS: TestDLQParseError (0.00s)
=== RUN   TestDLQSampling
    dlq_writer_test.go:53: DLQSampling: 1500 writes attempted at 1% rate (nil conn — no crash)
--- PASS: TestDLQSampling (0.00s)
=== RUN   TestNormalizerListenerFallback
    normalizer_invalidator_test.go:31: NormalizerListenerFallback: ticker started and stopped without panic
--- PASS: TestNormalizerListenerFallback (0.10s)
=== RUN   TestPublishReplayHeader
    publisher_test.go:54: PublishReplayHeader: all publishes succeeded with nil JetStream
--- PASS: TestPublishReplayHeader (0.00s)
=== RUN   TestSpillReplayDualWrite
    spill_replay_test.go:53: SpillReplayDualWrite: replay succeeded, file moved to /tmp/TestSpillReplayDualWrite1770376683/001/processed/spill-1779617141513.jsonl
--- PASS: TestSpillReplayDualWrite (0.00s)
PASS
ok  	anttrader/internal/mdgateway	1.165s
