=== P0-1: Delete dead code packages ===
Date: 2026-05-26
Refs: REMEDIATION-2026-05-26 P0-1

=== Files deleted (32 files) ===
git rm -r:
  backend/internal/controlplane/   (2 files, 267 lines)
  backend/internal/quantengine/    (2 files, 108+ lines)
  backend/internal/tenant/         (4 files, ~150 lines)
  backend/internal/dataquality/    (6 files)
  backend/internal/marketstate/    (6 files)
  backend/internal/qualitygate/    (7 files)
  backend/internal/connect/stub_handlers.go (81 lines, 16 CodeUnimplemented)
  backend/cmd/mdtest/
  backend/cmd/mt4trade/
  backend/cmd/live-test/

=== main.go adjustments ===
Removed lines 318-321: DebateV2 stub wiring (NewDebateV2Server/NewDebateV2StreamServer)

=== Verification ===
$ go build ./...
(success - no errors)

$ make detect-deadcode
=== detect-deadcode: 1 dead packages/deps found ===
  DEAD: gorm.io/gorm (in go.mod, not imported by any production code)
(1 remaining = gorm, will be addressed by P0-2)

Before: 8 dead items
After:  1 dead item (gorm only)
Reduction: 7 of 8 items cleared

P0-1 VERIFIED: 6 dead packages + stub_handlers + 3 dev cmds removed.
