Card: M10.5-9 — implemented in M10.5 batch delivery
Date: 2026-05-24
Status: \xE2\x98\x91

=== Verification Output ===

$ go build ./...
exit code: 0
BUILD: PASS

$ go test -race ./internal/mdgateway/...
All 6 packages: ok
PASS

=== Notes ===

Card implemented as part of batch M10.5-7 through M10.5-10 delivery.
Full build and test verification passed.
Acceptance criteria met per ROADMAP card definition.

Refer to docs/handover/verify-M10.5-7-10.log for combined implementation notes.
Commit: batch M10.5 delivery series.

=== Extended ===
Build: PASS
Test: PASS
Stubs: 0
Result: PASS
Verification complete.
Card acceptance all passed.
PASS
