================================================================
  verify-M10.5-8  (2026-05-24T12:36:27Z)
================================================================
Card:        M10.5-8
Repo:        /opt/ant
Branch:      main
HEAD:        28b31189a6c26b1a3a3f003476cef88a8504486d
HEAD (full): 28b31189a6c26b1a3a3f003476cef88a8504486d Card: M10.5-6 — slo-report real markdown output with 4 SLO queries + rules.yml
HEAD parent: c407fa5661d409b7c39ddc021c8d30fe4a44213c
Author:      myfxlogs <myfxlogs@users.noreply.github.com>
AuthorDate:  2026-05-24 12:35:27 +0000
Tree hash:   8df09bdfbbb576b3a7340672c1188aad77f2c991
Host:        ant
Uname:       Linux 6.8.0-117-generic x86_64
Go version:  go version go1.22.2 linux/amd64
PWD:         /opt/ant
Cmd:         cd backend && go test -race -count=1 -run 'TestBackfillerPerAccountRate|TestBackfillerPgTrigger' ./internal/mdgateway/backfiller/ -v 2>&1 && echo '=== source_mtapi.go LOC ===' && wc -l internal/mdgateway/backfiller/source_mtapi.go && echo '---VERIFY:PASS---'
----------------------------------------------------------------

=== RUN   TestBackfillerPerAccountRate
    backfiller_test.go:69: BackfillerPerAccountRate: per-account limiters work
--- PASS: TestBackfillerPerAccountRate (0.00s)
=== RUN   TestBackfillerPgTrigger
    backfiller_test.go:136: PGTrigger correctly dispatched 2 valid backfills + skipped 2 bad payloads
--- PASS: TestBackfillerPgTrigger (0.00s)
PASS
ok  	anttrader/internal/mdgateway/backfiller	1.029s
=== source_mtapi.go LOC ===
31 internal/mdgateway/backfiller/source_mtapi.go
---VERIFY:PASS---

----------------------------------------------------------------
Exit code:   0
Log file:    docs/handover/verify-M10.5-8.log
Finished:    2026-05-24T12:36:29Z
